<?xml version="1.0" encoding="UTF-8"?>
<testsuite xmlns:xsi="http://www.w3.org/2001/XMLSchema-instance" xsi:noNamespaceSchemaLocation="https://maven.apache.org/surefire/maven-surefire-plugin/xsd/surefire-test-report.xsd" name="TestHDFSDao" time="4.251" tests="5" errors="0" skipped="0" failures="0">
  <properties>
    <property name="sun.desktop" value="windows"/>
    <property name="awt.toolkit" value="sun.awt.windows.WToolkit"/>
    <property name="file.encoding.pkg" value="sun.io"/>
    <property name="java.specification.version" value="1.8"/>
    <property name="sun.cpu.isalist" value="amd64"/>
    <property name="sun.jnu.encoding" value="GBK"/>
    <property name="java.class.path" value="D:\IdeaProjects\study\homework\target\test-classes;D:\IdeaProjects\study\homework\target\classes;D:\apache-maven-3.6.3\repository\junit\junit\4.11\junit-4.11.jar;D:\apache-maven-3.6.3\repository\org\hamcrest\hamcrest-core\1.3\hamcrest-core-1.3.jar;D:\apache-maven-3.6.3\repository\javax\servlet\javax.servlet-api\4.0.1\javax.servlet-api-4.0.1.jar;D:\apache-maven-3.6.3\repository\javax\servlet\jsp\jsp-api\2.0\jsp-api-2.0.jar;D:\apache-maven-3.6.3\repository\org\springframework\spring-jdbc\5.2.9.RELEASE\spring-jdbc-5.2.9.RELEASE.jar;D:\apache-maven-3.6.3\repository\org\springframework\spring-beans\5.2.9.RELEASE\spring-beans-5.2.9.RELEASE.jar;D:\apache-maven-3.6.3\repository\org\springframework\spring-core\5.2.9.RELEASE\spring-core-5.2.9.RELEASE.jar;D:\apache-maven-3.6.3\repository\org\springframework\spring-jcl\5.2.9.RELEASE\spring-jcl-5.2.9.RELEASE.jar;D:\apache-maven-3.6.3\repository\org\springframework\spring-tx\5.2.9.RELEASE\spring-tx-5.2.9.RELEASE.jar;D:\apache-maven-3.6.3\repository\com\alibaba\druid\1.0.19\druid-1.0.19.jar;C:\Program Files\Java\jdk1.8.0_181\jre\..\lib\jconsole.jar;C:\Program Files\Java\jdk1.8.0_181\jre\..\lib\tools.jar;D:\apache-maven-3.6.3\repository\mysql\mysql-connector-java\8.0.21\mysql-connector-java-8.0.21.jar;D:\apache-maven-3.6.3\repository\com\google\protobuf\protobuf-java\3.11.4\protobuf-java-3.11.4.jar;D:\apache-maven-3.6.3\repository\org\apache\hadoop\hadoop-client\2.7.4\hadoop-client-2.7.4.jar;D:\apache-maven-3.6.3\repository\org\apache\hadoop\hadoop-common\2.7.4\hadoop-common-2.7.4.jar;D:\apache-maven-3.6.3\repository\com\google\guava\guava\11.0.2\guava-11.0.2.jar;D:\apache-maven-3.6.3\repository\commons-cli\commons-cli\1.2\commons-cli-1.2.jar;D:\apache-maven-3.6.3\repository\org\apache\commons\commons-math3\3.1.1\commons-math3-3.1.1.jar;D:\apache-maven-3.6.3\repository\xmlenc\xmlenc\0.52\xmlenc-0.52.jar;D:\apache-maven-3.6.3\repository\commons-httpclient\commons-httpclient\3.1\commons-httpclient-3.1.jar;D:\apache-maven-3.6.3\repository\commons-codec\commons-codec\1.4\commons-codec-1.4.jar;D:\apache-maven-3.6.3\repository\commons-io\commons-io\2.4\commons-io-2.4.jar;D:\apache-maven-3.6.3\repository\commons-net\commons-net\3.1\commons-net-3.1.jar;D:\apache-maven-3.6.3\repository\commons-collections\commons-collections\3.2.2\commons-collections-3.2.2.jar;D:\apache-maven-3.6.3\repository\org\mortbay\jetty\jetty-sslengine\6.1.26\jetty-sslengine-6.1.26.jar;D:\apache-maven-3.6.3\repository\commons-logging\commons-logging\1.1.3\commons-logging-1.1.3.jar;D:\apache-maven-3.6.3\repository\log4j\log4j\1.2.17\log4j-1.2.17.jar;D:\apache-maven-3.6.3\repository\commons-lang\commons-lang\2.6\commons-lang-2.6.jar;D:\apache-maven-3.6.3\repository\commons-configuration\commons-configuration\1.6\commons-configuration-1.6.jar;D:\apache-maven-3.6.3\repository\commons-digester\commons-digester\1.8\commons-digester-1.8.jar;D:\apache-maven-3.6.3\repository\commons-beanutils\commons-beanutils\1.7.0\commons-beanutils-1.7.0.jar;D:\apache-maven-3.6.3\repository\commons-beanutils\commons-beanutils-core\1.8.0\commons-beanutils-core-1.8.0.jar;D:\apache-maven-3.6.3\repository\org\slf4j\slf4j-api\1.7.10\slf4j-api-1.7.10.jar;D:\apache-maven-3.6.3\repository\org\slf4j\slf4j-log4j12\1.7.10\slf4j-log4j12-1.7.10.jar;D:\apache-maven-3.6.3\repository\org\codehaus\jackson\jackson-core-asl\1.9.13\jackson-core-asl-1.9.13.jar;D:\apache-maven-3.6.3\repository\org\codehaus\jackson\jackson-mapper-asl\1.9.13\jackson-mapper-asl-1.9.13.jar;D:\apache-maven-3.6.3\repository\org\apache\avro\avro\1.7.4\avro-1.7.4.jar;D:\apache-maven-3.6.3\repository\com\thoughtworks\paranamer\paranamer\2.3\paranamer-2.3.jar;D:\apache-maven-3.6.3\repository\org\xerial\snappy\snappy-java\1.0.4.1\snappy-java-1.0.4.1.jar;D:\apache-maven-3.6.3\repository\com\google\code\gson\gson\2.2.4\gson-2.2.4.jar;D:\apache-maven-3.6.3\repository\org\apache\hadoop\hadoop-auth\2.7.4\hadoop-auth-2.7.4.jar;D:\apache-maven-3.6.3\repository\org\apache\httpcomponents\httpclient\4.2.5\httpclient-4.2.5.jar;D:\apache-maven-3.6.3\repository\org\apache\httpcomponents\httpcore\4.2.4\httpcore-4.2.4.jar;D:\apache-maven-3.6.3\repository\org\apache\directory\server\apacheds-kerberos-codec\2.0.0-M15\apacheds-kerberos-codec-2.0.0-M15.jar;D:\apache-maven-3.6.3\repository\org\apache\directory\server\apacheds-i18n\2.0.0-M15\apacheds-i18n-2.0.0-M15.jar;D:\apache-maven-3.6.3\repository\org\apache\directory\api\api-asn1-api\1.0.0-M20\api-asn1-api-1.0.0-M20.jar;D:\apache-maven-3.6.3\repository\org\apache\directory\api\api-util\1.0.0-M20\api-util-1.0.0-M20.jar;D:\apache-maven-3.6.3\repository\org\apache\curator\curator-framework\2.7.1\curator-framework-2.7.1.jar;D:\apache-maven-3.6.3\repository\org\apache\curator\curator-client\2.7.1\curator-client-2.7.1.jar;D:\apache-maven-3.6.3\repository\org\apache\curator\curator-recipes\2.7.1\curator-recipes-2.7.1.jar;D:\apache-maven-3.6.3\repository\com\google\code\findbugs\jsr305\3.0.0\jsr305-3.0.0.jar;D:\apache-maven-3.6.3\repository\org\apache\htrace\htrace-core\3.1.0-incubating\htrace-core-3.1.0-incubating.jar;D:\apache-maven-3.6.3\repository\org\apache\zookeeper\zookeeper\3.4.6\zookeeper-3.4.6.jar;D:\apache-maven-3.6.3\repository\org\apache\commons\commons-compress\1.4.1\commons-compress-1.4.1.jar;D:\apache-maven-3.6.3\repository\org\tukaani\xz\1.0\xz-1.0.jar;D:\apache-maven-3.6.3\repository\org\apache\hadoop\hadoop-hdfs\2.7.4\hadoop-hdfs-2.7.4.jar;D:\apache-maven-3.6.3\repository\org\mortbay\jetty\jetty-util\6.1.26\jetty-util-6.1.26.jar;D:\apache-maven-3.6.3\repository\io\netty\netty\3.6.2.Final\netty-3.6.2.Final.jar;D:\apache-maven-3.6.3\repository\io\netty\netty-all\4.0.23.Final\netty-all-4.0.23.Final.jar;D:\apache-maven-3.6.3\repository\xerces\xercesImpl\2.9.1\xercesImpl-2.9.1.jar;D:\apache-maven-3.6.3\repository\xml-apis\xml-apis\1.3.04\xml-apis-1.3.04.jar;D:\apache-maven-3.6.3\repository\org\fusesource\leveldbjni\leveldbjni-all\1.8\leveldbjni-all-1.8.jar;D:\apache-maven-3.6.3\repository\org\apache\hadoop\hadoop-mapreduce-client-app\2.7.4\hadoop-mapreduce-client-app-2.7.4.jar;D:\apache-maven-3.6.3\repository\org\apache\hadoop\hadoop-mapreduce-client-common\2.7.4\hadoop-mapreduce-client-common-2.7.4.jar;D:\apache-maven-3.6.3\repository\org\apache\hadoop\hadoop-yarn-client\2.7.4\hadoop-yarn-client-2.7.4.jar;D:\apache-maven-3.6.3\repository\org\apache\hadoop\hadoop-yarn-server-common\2.7.4\hadoop-yarn-server-common-2.7.4.jar;D:\apache-maven-3.6.3\repository\org\apache\hadoop\hadoop-mapreduce-client-shuffle\2.7.4\hadoop-mapreduce-client-shuffle-2.7.4.jar;D:\apache-maven-3.6.3\repository\org\apache\hadoop\hadoop-yarn-api\2.7.4\hadoop-yarn-api-2.7.4.jar;D:\apache-maven-3.6.3\repository\org\apache\hadoop\hadoop-mapreduce-client-core\2.7.4\hadoop-mapreduce-client-core-2.7.4.jar;D:\apache-maven-3.6.3\repository\org\apache\hadoop\hadoop-yarn-common\2.7.4\hadoop-yarn-common-2.7.4.jar;D:\apache-maven-3.6.3\repository\javax\xml\bind\jaxb-api\2.2.2\jaxb-api-2.2.2.jar;D:\apache-maven-3.6.3\repository\javax\xml\stream\stax-api\1.0-2\stax-api-1.0-2.jar;D:\apache-maven-3.6.3\repository\javax\activation\activation\1.1\activation-1.1.jar;D:\apache-maven-3.6.3\repository\javax\servlet\servlet-api\2.5\servlet-api-2.5.jar;D:\apache-maven-3.6.3\repository\com\sun\jersey\jersey-core\1.9\jersey-core-1.9.jar;D:\apache-maven-3.6.3\repository\com\sun\jersey\jersey-client\1.9\jersey-client-1.9.jar;D:\apache-maven-3.6.3\repository\org\codehaus\jackson\jackson-jaxrs\1.9.13\jackson-jaxrs-1.9.13.jar;D:\apache-maven-3.6.3\repository\org\codehaus\jackson\jackson-xc\1.9.13\jackson-xc-1.9.13.jar;D:\apache-maven-3.6.3\repository\org\apache\hadoop\hadoop-mapreduce-client-jobclient\2.7.4\hadoop-mapreduce-client-jobclient-2.7.4.jar;D:\apache-maven-3.6.3\repository\org\apache\hadoop\hadoop-annotations\2.7.4\hadoop-annotations-2.7.4.jar;"/>
    <property name="java.vm.vendor" value="Oracle Corporation"/>
    <property name="sun.arch.data.model" value="64"/>
    <property name="user.variant" value=""/>
    <property name="java.vendor.url" value="http://java.oracle.com/"/>
    <property name="user.timezone" value="Asia/Shanghai"/>
    <property name="java.vm.specification.version" value="1.8"/>
    <property name="os.name" value="Windows 10"/>
    <property name="user.country" value="CN"/>
    <property name="sun.java.launcher" value="SUN_STANDARD"/>
    <property name="sun.boot.library.path" value="C:\Program Files\Java\jdk1.8.0_181\jre\bin"/>
    <property name="sun.java.command" value="C:\Users\Star\AppData\Local\Temp\surefire6718621278648289698\surefirebooter3559060231475110459.jar C:\Users\Star\AppData\Local\Temp\surefire6718621278648289698 2021-05-11T16-46-05_180-jvmRun1 surefire385218541467404939tmp surefire_08293236750633455549tmp"/>
    <property name="surefire.test.class.path" value="D:\IdeaProjects\study\homework\target\test-classes;D:\IdeaProjects\study\homework\target\classes;D:\apache-maven-3.6.3\repository\junit\junit\4.11\junit-4.11.jar;D:\apache-maven-3.6.3\repository\org\hamcrest\hamcrest-core\1.3\hamcrest-core-1.3.jar;D:\apache-maven-3.6.3\repository\javax\servlet\javax.servlet-api\4.0.1\javax.servlet-api-4.0.1.jar;D:\apache-maven-3.6.3\repository\javax\servlet\jsp\jsp-api\2.0\jsp-api-2.0.jar;D:\apache-maven-3.6.3\repository\org\springframework\spring-jdbc\5.2.9.RELEASE\spring-jdbc-5.2.9.RELEASE.jar;D:\apache-maven-3.6.3\repository\org\springframework\spring-beans\5.2.9.RELEASE\spring-beans-5.2.9.RELEASE.jar;D:\apache-maven-3.6.3\repository\org\springframework\spring-core\5.2.9.RELEASE\spring-core-5.2.9.RELEASE.jar;D:\apache-maven-3.6.3\repository\org\springframework\spring-jcl\5.2.9.RELEASE\spring-jcl-5.2.9.RELEASE.jar;D:\apache-maven-3.6.3\repository\org\springframework\spring-tx\5.2.9.RELEASE\spring-tx-5.2.9.RELEASE.jar;D:\apache-maven-3.6.3\repository\com\alibaba\druid\1.0.19\druid-1.0.19.jar;C:\Program Files\Java\jdk1.8.0_181\jre\..\lib\jconsole.jar;C:\Program Files\Java\jdk1.8.0_181\jre\..\lib\tools.jar;D:\apache-maven-3.6.3\repository\mysql\mysql-connector-java\8.0.21\mysql-connector-java-8.0.21.jar;D:\apache-maven-3.6.3\repository\com\google\protobuf\protobuf-java\3.11.4\protobuf-java-3.11.4.jar;D:\apache-maven-3.6.3\repository\org\apache\hadoop\hadoop-client\2.7.4\hadoop-client-2.7.4.jar;D:\apache-maven-3.6.3\repository\org\apache\hadoop\hadoop-common\2.7.4\hadoop-common-2.7.4.jar;D:\apache-maven-3.6.3\repository\com\google\guava\guava\11.0.2\guava-11.0.2.jar;D:\apache-maven-3.6.3\repository\commons-cli\commons-cli\1.2\commons-cli-1.2.jar;D:\apache-maven-3.6.3\repository\org\apache\commons\commons-math3\3.1.1\commons-math3-3.1.1.jar;D:\apache-maven-3.6.3\repository\xmlenc\xmlenc\0.52\xmlenc-0.52.jar;D:\apache-maven-3.6.3\repository\commons-httpclient\commons-httpclient\3.1\commons-httpclient-3.1.jar;D:\apache-maven-3.6.3\repository\commons-codec\commons-codec\1.4\commons-codec-1.4.jar;D:\apache-maven-3.6.3\repository\commons-io\commons-io\2.4\commons-io-2.4.jar;D:\apache-maven-3.6.3\repository\commons-net\commons-net\3.1\commons-net-3.1.jar;D:\apache-maven-3.6.3\repository\commons-collections\commons-collections\3.2.2\commons-collections-3.2.2.jar;D:\apache-maven-3.6.3\repository\org\mortbay\jetty\jetty-sslengine\6.1.26\jetty-sslengine-6.1.26.jar;D:\apache-maven-3.6.3\repository\commons-logging\commons-logging\1.1.3\commons-logging-1.1.3.jar;D:\apache-maven-3.6.3\repository\log4j\log4j\1.2.17\log4j-1.2.17.jar;D:\apache-maven-3.6.3\repository\commons-lang\commons-lang\2.6\commons-lang-2.6.jar;D:\apache-maven-3.6.3\repository\commons-configuration\commons-configuration\1.6\commons-configuration-1.6.jar;D:\apache-maven-3.6.3\repository\commons-digester\commons-digester\1.8\commons-digester-1.8.jar;D:\apache-maven-3.6.3\repository\commons-beanutils\commons-beanutils\1.7.0\commons-beanutils-1.7.0.jar;D:\apache-maven-3.6.3\repository\commons-beanutils\commons-beanutils-core\1.8.0\commons-beanutils-core-1.8.0.jar;D:\apache-maven-3.6.3\repository\org\slf4j\slf4j-api\1.7.10\slf4j-api-1.7.10.jar;D:\apache-maven-3.6.3\repository\org\slf4j\slf4j-log4j12\1.7.10\slf4j-log4j12-1.7.10.jar;D:\apache-maven-3.6.3\repository\org\codehaus\jackson\jackson-core-asl\1.9.13\jackson-core-asl-1.9.13.jar;D:\apache-maven-3.6.3\repository\org\codehaus\jackson\jackson-mapper-asl\1.9.13\jackson-mapper-asl-1.9.13.jar;D:\apache-maven-3.6.3\repository\org\apache\avro\avro\1.7.4\avro-1.7.4.jar;D:\apache-maven-3.6.3\repository\com\thoughtworks\paranamer\paranamer\2.3\paranamer-2.3.jar;D:\apache-maven-3.6.3\repository\org\xerial\snappy\snappy-java\1.0.4.1\snappy-java-1.0.4.1.jar;D:\apache-maven-3.6.3\repository\com\google\code\gson\gson\2.2.4\gson-2.2.4.jar;D:\apache-maven-3.6.3\repository\org\apache\hadoop\hadoop-auth\2.7.4\hadoop-auth-2.7.4.jar;D:\apache-maven-3.6.3\repository\org\apache\httpcomponents\httpclient\4.2.5\httpclient-4.2.5.jar;D:\apache-maven-3.6.3\repository\org\apache\httpcomponents\httpcore\4.2.4\httpcore-4.2.4.jar;D:\apache-maven-3.6.3\repository\org\apache\directory\server\apacheds-kerberos-codec\2.0.0-M15\apacheds-kerberos-codec-2.0.0-M15.jar;D:\apache-maven-3.6.3\repository\org\apache\directory\server\apacheds-i18n\2.0.0-M15\apacheds-i18n-2.0.0-M15.jar;D:\apache-maven-3.6.3\repository\org\apache\directory\api\api-asn1-api\1.0.0-M20\api-asn1-api-1.0.0-M20.jar;D:\apache-maven-3.6.3\repository\org\apache\directory\api\api-util\1.0.0-M20\api-util-1.0.0-M20.jar;D:\apache-maven-3.6.3\repository\org\apache\curator\curator-framework\2.7.1\curator-framework-2.7.1.jar;D:\apache-maven-3.6.3\repository\org\apache\curator\curator-client\2.7.1\curator-client-2.7.1.jar;D:\apache-maven-3.6.3\repository\org\apache\curator\curator-recipes\2.7.1\curator-recipes-2.7.1.jar;D:\apache-maven-3.6.3\repository\com\google\code\findbugs\jsr305\3.0.0\jsr305-3.0.0.jar;D:\apache-maven-3.6.3\repository\org\apache\htrace\htrace-core\3.1.0-incubating\htrace-core-3.1.0-incubating.jar;D:\apache-maven-3.6.3\repository\org\apache\zookeeper\zookeeper\3.4.6\zookeeper-3.4.6.jar;D:\apache-maven-3.6.3\repository\org\apache\commons\commons-compress\1.4.1\commons-compress-1.4.1.jar;D:\apache-maven-3.6.3\repository\org\tukaani\xz\1.0\xz-1.0.jar;D:\apache-maven-3.6.3\repository\org\apache\hadoop\hadoop-hdfs\2.7.4\hadoop-hdfs-2.7.4.jar;D:\apache-maven-3.6.3\repository\org\mortbay\jetty\jetty-util\6.1.26\jetty-util-6.1.26.jar;D:\apache-maven-3.6.3\repository\io\netty\netty\3.6.2.Final\netty-3.6.2.Final.jar;D:\apache-maven-3.6.3\repository\io\netty\netty-all\4.0.23.Final\netty-all-4.0.23.Final.jar;D:\apache-maven-3.6.3\repository\xerces\xercesImpl\2.9.1\xercesImpl-2.9.1.jar;D:\apache-maven-3.6.3\repository\xml-apis\xml-apis\1.3.04\xml-apis-1.3.04.jar;D:\apache-maven-3.6.3\repository\org\fusesource\leveldbjni\leveldbjni-all\1.8\leveldbjni-all-1.8.jar;D:\apache-maven-3.6.3\repository\org\apache\hadoop\hadoop-mapreduce-client-app\2.7.4\hadoop-mapreduce-client-app-2.7.4.jar;D:\apache-maven-3.6.3\repository\org\apache\hadoop\hadoop-mapreduce-client-common\2.7.4\hadoop-mapreduce-client-common-2.7.4.jar;D:\apache-maven-3.6.3\repository\org\apache\hadoop\hadoop-yarn-client\2.7.4\hadoop-yarn-client-2.7.4.jar;D:\apache-maven-3.6.3\repository\org\apache\hadoop\hadoop-yarn-server-common\2.7.4\hadoop-yarn-server-common-2.7.4.jar;D:\apache-maven-3.6.3\repository\org\apache\hadoop\hadoop-mapreduce-client-shuffle\2.7.4\hadoop-mapreduce-client-shuffle-2.7.4.jar;D:\apache-maven-3.6.3\repository\org\apache\hadoop\hadoop-yarn-api\2.7.4\hadoop-yarn-api-2.7.4.jar;D:\apache-maven-3.6.3\repository\org\apache\hadoop\hadoop-mapreduce-client-core\2.7.4\hadoop-mapreduce-client-core-2.7.4.jar;D:\apache-maven-3.6.3\repository\org\apache\hadoop\hadoop-yarn-common\2.7.4\hadoop-yarn-common-2.7.4.jar;D:\apache-maven-3.6.3\repository\javax\xml\bind\jaxb-api\2.2.2\jaxb-api-2.2.2.jar;D:\apache-maven-3.6.3\repository\javax\xml\stream\stax-api\1.0-2\stax-api-1.0-2.jar;D:\apache-maven-3.6.3\repository\javax\activation\activation\1.1\activation-1.1.jar;D:\apache-maven-3.6.3\repository\javax\servlet\servlet-api\2.5\servlet-api-2.5.jar;D:\apache-maven-3.6.3\repository\com\sun\jersey\jersey-core\1.9\jersey-core-1.9.jar;D:\apache-maven-3.6.3\repository\com\sun\jersey\jersey-client\1.9\jersey-client-1.9.jar;D:\apache-maven-3.6.3\repository\org\codehaus\jackson\jackson-jaxrs\1.9.13\jackson-jaxrs-1.9.13.jar;D:\apache-maven-3.6.3\repository\org\codehaus\jackson\jackson-xc\1.9.13\jackson-xc-1.9.13.jar;D:\apache-maven-3.6.3\repository\org\apache\hadoop\hadoop-mapreduce-client-jobclient\2.7.4\hadoop-mapreduce-client-jobclient-2.7.4.jar;D:\apache-maven-3.6.3\repository\org\apache\hadoop\hadoop-annotations\2.7.4\hadoop-annotations-2.7.4.jar;"/>
    <property name="sun.cpu.endian" value="little"/>
    <property name="user.home" value="C:\Users\Star"/>
    <property name="user.language" value="zh"/>
    <property name="java.specification.vendor" value="Oracle Corporation"/>
    <property name="java.home" value="C:\Program Files\Java\jdk1.8.0_181\jre"/>
    <property name="basedir" value="D:\IdeaProjects\study\homework"/>
    <property name="file.separator" value="\"/>
    <property name="line.separator" value="&#10;"/>
    <property name="java.vm.specification.vendor" value="Oracle Corporation"/>
    <property name="java.specification.name" value="Java Platform API Specification"/>
    <property name="java.awt.graphicsenv" value="sun.awt.Win32GraphicsEnvironment"/>
    <property name="idea.version2020.1.2" value="true"/>
    <property name="surefire.real.class.path" value="C:\Users\Star\AppData\Local\Temp\surefire6718621278648289698\surefirebooter3559060231475110459.jar"/>
    <property name="sun.boot.class.path" value="C:\Program Files\Java\jdk1.8.0_181\jre\lib\resources.jar;C:\Program Files\Java\jdk1.8.0_181\jre\lib\rt.jar;C:\Program Files\Java\jdk1.8.0_181\jre\lib\sunrsasign.jar;C:\Program Files\Java\jdk1.8.0_181\jre\lib\jsse.jar;C:\Program Files\Java\jdk1.8.0_181\jre\lib\jce.jar;C:\Program Files\Java\jdk1.8.0_181\jre\lib\charsets.jar;C:\Program Files\Java\jdk1.8.0_181\jre\lib\jfr.jar;C:\Program Files\Java\jdk1.8.0_181\jre\classes"/>
    <property name="user.script" value=""/>
    <property name="sun.management.compiler" value="HotSpot 64-Bit Tiered Compilers"/>
    <property name="java.runtime.version" value="1.8.0_181-b13"/>
    <property name="user.name" value="Star"/>
    <property name="path.separator" value=";"/>
    <property name="os.version" value="10.0"/>
    <property name="java.endorsed.dirs" value="C:\Program Files\Java\jdk1.8.0_181\jre\lib\endorsed"/>
    <property name="java.runtime.name" value="Java(TM) SE Runtime Environment"/>
    <property name="file.encoding" value="GBK"/>
    <property name="java.vm.name" value="Java HotSpot(TM) 64-Bit Server VM"/>
    <property name="localRepository" value="D:\apache-maven-3.6.3\repository"/>
    <property name="java.vendor.url.bug" value="http://bugreport.sun.com/bugreport/"/>
    <property name="java.io.tmpdir" value="C:\Users\Star\AppData\Local\Temp\"/>
    <property name="java.version" value="1.8.0_181"/>
    <property name="user.dir" value="D:\IdeaProjects\study\homework"/>
    <property name="os.arch" value="amd64"/>
    <property name="java.vm.specification.name" value="Java Virtual Machine Specification"/>
    <property name="java.awt.printerjob" value="sun.awt.windows.WPrinterJob"/>
    <property name="sun.os.patch.level" value=""/>
    <property name="java.library.path" value="C:\Program Files\Java\jdk1.8.0_181\jre\bin;C:\Windows\Sun\Java\bin;C:\Windows\system32;C:\Windows;C:\Program Files\NVIDIA GPU Computing Toolkit\CUDA\v10.2\bin;C:\Program Files\NVIDIA GPU Computing Toolkit\CUDA\v10.2\libnvvp;C:\Program Files (x86)\Common Files\Oracle\Java\javapath;C:\Windows\system32;C:\Windows;C:\Windows\System32\Wbem;C:\Windows\System32\WindowsPowerShell\v1.0\;C:\Windows\System32\OpenSSH\;C:\Program Files (x86)\NVIDIA Corporation\PhysX\Common;C:\Program Files\Java\jdk-14.0.1\bin;C:\Program Files\Git\cmd;C:\Program Files\NVIDIA Corporation\NVIDIA NvDLISR;C:\Program Files\MySQL\MySQL Server 8.0\bin;C:\Users\Star\anaconda3;C:\Users\Star\anaconda3\Scripts;C:\cuda\bin;C:\Program Files\NVIDIA Corporation\Nsight Compute 2019.5.0\;C:\Program Files\NVIDIA GPU Computing Toolkit\CUDA\v10.2\bin;C:\Program Files (x86)\Windows Kits\8.1\Windows Performance Toolkit\;C:\Users\Star\anaconda3\envs\tensorflow-gpu\Library\bin\graphviz\dot.exe;D:\apache-maven-3.6.3\bin;C:\Users\Star\AppData\Local\Programs\Python\Python39\Scripts\;C:\Users\Star\AppData\Local\Programs\Python\Python39\;C:\Program Files\MySQL\MySQL Shell 8.0\bin\;C:\Users\Star\AppData\Local\Microsoft\WindowsApps;C:\Users\Star\anaconda3\envs\tensorflow-gpu\Library\bin\graphviz;;."/>
    <property name="java.vm.info" value="mixed mode"/>
    <property name="java.vendor" value="Oracle Corporation"/>
    <property name="java.vm.version" value="25.181-b13"/>
    <property name="java.ext.dirs" value="C:\Program Files\Java\jdk1.8.0_181\jre\lib\ext;C:\Windows\Sun\Java\lib\ext"/>
    <property name="sun.io.unicode.encoding" value="UnicodeLittle"/>
    <property name="maven.repo.local" value="D:\apache-maven-3.6.3\repository"/>
    <property name="java.class.version" value="52.0"/>
  </properties>
  <testcase name="testFind" classname="TestHDFSDao" time="3.655"/>
  <testcase name="testCreate" classname="TestHDFSDao" time="0.142"/>
  <testcase name="testDelete" classname="TestHDFSDao" time="0.121"/>
  <testcase name="testUpload" classname="TestHDFSDao" time="0.069"/>
  <testcase name="testDownload" classname="TestHDFSDao" time="0.085"/>
</testsuite>